2026/01/13 09:38:18 [notice] 1#1: using the "epoll" event method
2026/01/13 09:38:18 [notice] 1#1: nginx/1.20.2
2026/01/13 09:38:18 [notice] 1#1: built by gcc 10.2.1 20210110 (Debian 10.2.1-6) 
2026/01/13 09:38:18 [notice] 1#1: OS: Linux 6.12.54-linuxkit
2026/01/13 09:38:18 [notice] 1#1: getrlimit(RLIMIT_NOFILE): 1048576:1048576
2026/01/13 09:38:18 [notice] 1#1: start worker processes
2026/01/13 09:38:18 [notice] 1#1: start worker process 31
2026/01/13 09:38:18 [notice] 1#1: start worker process 32
2026/01/13 09:38:18 [notice] 1#1: start worker process 33
2026/01/13 09:38:18 [notice] 1#1: start worker process 34
2026/01/13 09:38:18 [notice] 1#1: start worker process 35
2026/01/13 09:38:18 [notice] 1#1: start worker process 36
2026/01/13 09:38:18 [notice] 1#1: start worker process 37
2026/01/13 09:38:18 [notice] 1#1: start worker process 38
2026/01/13 09:39:13 [error] 31#31: *1 directory index of "/usr/share/nginx/html/" is forbidden, client: 192.168.65.1, server: localhost, request: "GET / HTTP/1.1", host: "localhost"
2026/01/13 09:39:13 [error] 31#31: *1 open() "/usr/share/nginx/html/favicon.ico" failed (2: No such file or directory), client: 192.168.65.1, server: localhost, request: "GET /favicon.ico HTTP/1.1", host: "localhost", referrer: "http://localhost/"
2026/01/13 09:39:15 [error] 31#31: *1 directory index of "/usr/share/nginx/html/" is forbidden, client: 192.168.65.1, server: localhost, request: "GET / HTTP/1.1", host: "localhost"
2026/01/13 09:39:22 [error] 31#31: *1 directory index of "/usr/share/nginx/html/" is forbidden, client: 192.168.65.1, server: localhost, request: "GET / HTTP/1.1", host: "localhost"
2026/01/13 09:41:57 [error] 31#31: *3 directory index of "/usr/share/nginx/html/" is forbidden, client: 192.168.65.1, server: localhost, request: "GET / HTTP/1.1", host: "localhost"
2026/01/13 09:41:58 [error] 31#31: *3 directory index of "/usr/share/nginx/html/" is forbidden, client: 192.168.65.1, server: localhost, request: "GET / HTTP/1.1", host: "localhost"
2026/01/13 09:48:35 [notice] 1#1: signal 3 (SIGQUIT) received, shutting down
2026/01/13 09:48:35 [notice] 31#31: gracefully shutting down
2026/01/13 09:48:35 [notice] 32#32: gracefully shutting down
2026/01/13 09:48:35 [notice] 31#31: exiting
2026/01/13 09:48:35 [notice] 33#33: gracefully shutting down
2026/01/13 09:48:35 [notice] 35#35: gracefully shutting down
2026/01/13 09:48:35 [notice] 36#36: gracefully shutting down
2026/01/13 09:48:35 [notice] 37#37: gracefully shutting down
2026/01/13 09:48:35 [notice] 34#34: gracefully shutting down
2026/01/13 09:48:35 [notice] 32#32: exiting
2026/01/13 09:48:35 [notice] 34#34: exiting
2026/01/13 09:48:35 [notice] 38#38: gracefully shutting down
2026/01/13 09:48:35 [notice] 38#38: exiting
2026/01/13 09:48:35 [notice] 31#31: exit
2026/01/13 09:48:35 [notice] 33#33: exiting
2026/01/13 09:48:35 [notice] 35#35: exiting
2026/01/13 09:48:35 [notice] 36#36: exiting
2026/01/13 09:48:35 [notice] 35#35: exit
2026/01/13 09:48:35 [notice] 37#37: exiting
2026/01/13 09:48:35 [notice] 32#32: exit
2026/01/13 09:48:35 [notice] 34#34: exit
2026/01/13 09:48:35 [notice] 38#38: exit
2026/01/13 09:48:35 [notice] 33#33: exit
2026/01/13 09:48:35 [notice] 36#36: exit
2026/01/13 09:48:35 [notice] 37#37: exit
2026/01/13 09:48:35 [notice] 1#1: signal 17 (SIGCHLD) received from 31
2026/01/13 09:48:35 [notice] 1#1: worker process 31 exited with code 0
2026/01/13 09:48:35 [notice] 1#1: worker process 32 exited with code 0
2026/01/13 09:48:35 [notice] 1#1: worker process 34 exited with code 0
2026/01/13 09:48:35 [notice] 1#1: worker process 35 exited with code 0
2026/01/13 09:48:35 [notice] 1#1: signal 29 (SIGIO) received
2026/01/13 09:48:35 [notice] 1#1: signal 17 (SIGCHLD) received from 34
2026/01/13 09:48:35 [notice] 1#1: signal 17 (SIGCHLD) received from 38
2026/01/13 09:48:35 [notice] 1#1: worker process 38 exited with code 0
2026/01/13 09:48:35 [notice] 1#1: signal 29 (SIGIO) received
2026/01/13 09:48:35 [notice] 1#1: signal 17 (SIGCHLD) received from 36
2026/01/13 09:48:35 [notice] 1#1: worker process 36 exited with code 0
2026/01/13 09:48:35 [notice] 1#1: worker process 33 exited with code 0
2026/01/13 09:48:35 [notice] 1#1: worker process 37 exited with code 0
2026/01/13 09:48:35 [notice] 1#1: exit
